2014_15_Even_Projects/B7_TimeManager_ Sashank Asraf Yashashwini/Task Reminder/manifest-merger-release-report.txt
-- Merging decision tree log ---
manifest
ADDED from AndroidManifest.xml:2:1
	package
		ADDED from AndroidManifest.xml:3:5
		INJECTED from AndroidManifest.xml:0:0
		INJECTED from AndroidManifest.xml:0:0
	xmlns:android
		ADDED from AndroidManifest.xml:2:11
application
ADDED from AndroidManifest.xml:5:5
	android:label
		ADDED from AndroidManifest.xml:8:9
	android:debuggable
		ADDED from AndroidManifest.xml:6:9
	android:icon
		ADDED from AndroidManifest.xml:7:9
activity#com.dummies.android.taskreminder.ReminderListActivity
ADDED from AndroidManifest.xml:9:9
	android:label
		ADDED from AndroidManifest.xml:11:13
	android:name
		ADDED from AndroidManifest.xml:10:13
intent-filter#android.intent.action.MAIN+android.intent.category.LAUNCHER
ADDED from AndroidManifest.xml:12:13
action#android.intent.action.MAIN
ADDED from AndroidManifest.xml:13:17
	android:name
		ADDED from AndroidManifest.xml:13:25
category#android.intent.category.LAUNCHER
ADDED from AndroidManifest.xml:14:17
	android:name
		ADDED from AndroidManifest.xml:14:27
activity#com.dummies.android.taskreminder.ReminderEditActivity
ADDED from AndroidManifest.xml:17:9
	android:label
		ADDED from AndroidManifest.xml:19:13
	android:name
		ADDED from AndroidManifest.xml:18:13
activity#com.dummies.android.taskreminder.TaskPreferences
ADDED from AndroidManifest.xml:20:9
	android:label
		ADDED from AndroidManifest.xml:22:13
	android:name
		ADDED from AndroidManifest.xml:21:13
receiver#com.dummies.android.taskreminder.OnBootReceiver
ADDED from AndroidManifest.xml:24:9
	android:name
		ADDED from AndroidManifest.xml:24:19
intent-filter#android.intent.action.BOOT_COMPLETED
ADDED from AndroidManifest.xml:25:13
action#android.intent.action.BOOT_COMPLETED
ADDED from AndroidManifest.xml:26:17
	android:name
		ADDED from AndroidManifest.xml:26:25
receiver#com.dummies.android.taskreminder.OnAlarmReceiver
ADDED from AndroidManifest.xml:29:9
	android:name
		ADDED from AndroidManifest.xml:29:19
service#com.dummies.android.taskreminder.ReminderService
ADDED from AndroidManifest.xml:31:9
	android:name
		ADDED from AndroidManifest.xml:31:18
uses-sdk
ADDED from AndroidManifest.xml:34:5
	android:targetSdkVersion
		ADDED from AndroidManifest.xml:36:9
		INJECTED from AndroidManifest.xml:0:0
		INJECTED from AndroidManifest.xml:0:0
	minSdkVersion
		ADDED from AndroidManifest.xml:35:9
uses-permission#android.permission.RECEIVE_BOOT_COMPLETED
ADDED from AndroidManifest.xml:38:5
	android:name
		ADDED from AndroidManifest.xml:38:22
uses-permission#android.permission.WAKE_LOCK
ADDED from AndroidManifest.xml:39:5
	android:name
		ADDED from AndroidManifest.xml:39:22